<?xml version="1.0" encoding="UTF-8"?>
<testng-results ignored="0" total="3" passed="3" failed="0" skipped="0">
  <reporter-output>
  </reporter-output>
  <suite started-at="2025-06-16T10:54:24 IST" name="Default suite" finished-at="2025-06-16T10:54:36 IST" duration-ms="12231">
    <groups>
    </groups>
    <test started-at="2025-06-16T10:54:24 IST" name="Default test" finished-at="2025-06-16T10:54:36 IST" duration-ms="12231">
      <class name="org.day9.MinPrice">
        <test-method signature="Lauch()[pri:1, instance:org.day9.MinPrice@792b749c]" started-at="2025-06-16T10:54:24 IST" name="Lauch" finished-at="2025-06-16T10:54:29 IST" duration-ms="5204" status="PASS">
          <reporter-output>
          </reporter-output>
        </test-method> <!-- Lauch -->
        <test-method signature="list()[pri:2, instance:org.day9.MinPrice@792b749c]" started-at="2025-06-16T10:54:29 IST" name="list" finished-at="2025-06-16T10:54:36 IST" duration-ms="6478" status="PASS">
          <reporter-output>
          </reporter-output>
        </test-method> <!-- list -->
        <test-method signature="close()[pri:3, instance:org.day9.MinPrice@792b749c]" started-at="2025-06-16T10:54:36 IST" name="close" finished-at="2025-06-16T10:54:36 IST" duration-ms="484" status="PASS">
          <reporter-output>
          </reporter-output>
        </test-method> <!-- close -->
      </class> <!-- org.day9.MinPrice -->
    </test> <!-- Default test -->
  </suite> <!-- Default suite -->
</testng-results>
