<?xml version="1.0" encoding="UTF-8"?>
<testng-results ignored="0" total="2" passed="2" failed="0" skipped="0">
  <reporter-output>
  </reporter-output>
  <suite started-at="2025-06-13T11:50:06 IST" name="Default suite" finished-at="2025-06-13T11:50:14 IST" duration-ms="8121">
    <groups>
    </groups>
    <test started-at="2025-06-13T11:50:06 IST" name="Default test" finished-at="2025-06-13T11:50:14 IST" duration-ms="8121">
      <class name="org.day9.Avarage">
        <test-method signature="Lauch()[pri:1, instance:org.day9.Avarage@6d60fe40]" started-at="2025-06-13T11:50:06 IST" name="Lauch" finished-at="2025-06-13T11:50:10 IST" duration-ms="4496" status="PASS">
          <reporter-output>
          </reporter-output>
        </test-method> <!-- Lauch -->
        <test-method signature="list()[pri:2, instance:org.day9.Avarage@6d60fe40]" started-at="2025-06-13T11:50:10 IST" name="list" finished-at="2025-06-13T11:50:14 IST" duration-ms="3569" status="PASS">
          <reporter-output>
          </reporter-output>
        </test-method> <!-- list -->
      </class> <!-- org.day9.Avarage -->
    </test> <!-- Default test -->
  </suite> <!-- Default suite -->
</testng-results>
